2025-02-20 05:43:55.494 [main] INFO  com.zifengliu.weblog.web.WeblogWebApplicationTests - Starting WeblogWebApplicationTests using Java 1.8.0_351 on s with PID 13692 (started by 86182 in E:\workSpaceIDEA\weblog\weblog-springboot\weblog-web)
2025-02-20 05:43:55.495 [main] INFO  com.zifengliu.weblog.web.WeblogWebApplicationTests - The following profiles are active: prod
2025-02-20 05:43:56.478 [main] INFO  com.zifengliu.weblog.web.WeblogWebApplicationTests - Started WeblogWebApplicationTests in 1.362 seconds (JVM running for 2.133)
2025-02-20 05:43:56.641 [main] INFO  com.zifengliu.weblog.web.WeblogWebApplicationTests - 这是一个INFO级别的
2025-02-20 05:43:56.641 [main] WARN  com.zifengliu.weblog.web.WeblogWebApplicationTests - 这时warn级别日至
2025-02-20 05:43:56.642 [main] ERROR com.zifengliu.weblog.web.WeblogWebApplicationTests - 这时error级别日至
2025-02-20 05:43:56.642 [main] INFO  com.zifengliu.weblog.web.WeblogWebApplicationTests - 作者syc
[TraceId: ]2025-02-20 14:16:57.219 [main] INFO  com.zifengliu.weblog.web.WeblogWebApplication - Starting WeblogWebApplication using Java 1.8.0_351 on s with PID 22004 (E:\workSpaceIDEA\weblog\weblog-springboot\weblog-web\target\classes started by 86182 in E:\workSpaceIDEA\weblog\weblog-springboot)
[TraceId: ]2025-02-20 14:16:57.221 [main] INFO  com.zifengliu.weblog.web.WeblogWebApplication - The following profiles are active: prod
[TraceId: ]2025-02-20 14:16:57.858 [main] INFO  o.s.boot.web.embedded.tomcat.TomcatWebServer - Tomcat initialized with port(s): 8080 (http)
[TraceId: ]2025-02-20 14:16:57.864 [main] INFO  org.apache.catalina.core.StandardService - Starting service [Tomcat]
[TraceId: ]2025-02-20 14:16:57.864 [main] INFO  org.apache.catalina.core.StandardEngine - Starting Servlet engine: [Apache Tomcat/9.0.56]
[TraceId: ]2025-02-20 14:16:57.918 [main] INFO  o.a.c.core.ContainerBase.[Tomcat].[localhost].[/] - Initializing Spring embedded WebApplicationContext
[TraceId: ]2025-02-20 14:16:57.918 [main] INFO  o.s.b.w.s.c.ServletWebServerApplicationContext - Root WebApplicationContext: initialization completed in 670 ms
[TraceId: ]2025-02-20 14:16:58.162 [main] INFO  o.s.boot.web.embedded.tomcat.TomcatWebServer - Tomcat started on port(s): 8080 (http) with context path ''
[TraceId: ]2025-02-20 14:16:58.168 [main] INFO  com.zifengliu.weblog.web.WeblogWebApplication - Started WeblogWebApplication in 1.357 seconds (JVM running for 2.265)
[TraceId: ]2025-02-20 14:17:10.556 [http-nio-8080-exec-1] INFO  o.a.c.core.ContainerBase.[Tomcat].[localhost].[/] - Initializing Spring DispatcherServlet 'dispatcherServlet'
[TraceId: ]2025-02-20 14:17:10.556 [http-nio-8080-exec-1] INFO  org.springframework.web.servlet.DispatcherServlet - Initializing Servlet 'dispatcherServlet'
[TraceId: ]2025-02-20 14:17:10.556 [http-nio-8080-exec-1] INFO  org.springframework.web.servlet.DispatcherServlet - Completed initialization in 0 ms
[TraceId: e7791fce-19f0-4e9a-8a68-b65d419142b5]2025-02-20 14:17:10.663 [http-nio-8080-exec-1] INFO  c.z.weblog.common.aspect.ApiOperationLogAspect - ====== 请求开始: [测试接口], 入参: {"username":"admin","sex":1}, 请求类: TestController, 请求方法: test =================================== 
[TraceId: e7791fce-19f0-4e9a-8a68-b65d419142b5]2025-02-20 14:17:10.671 [http-nio-8080-exec-1] INFO  c.z.weblog.common.aspect.ApiOperationLogAspect - ====== 请求结束: [测试接口], 耗时: 20ms, 出参: {"username":"admin","sex":1} =================================== 
